<?xml version="1.0" encoding="UTF-8"?>
<testsuite xmlns:xsi="http://www.w3.org/2001/XMLSchema-instance" xsi:noNamespaceSchemaLocation="https://maven.apache.org/surefire/maven-surefire-plugin/xsd/surefire-test-report.xsd" name="com.msh.app.AppTest" time="0.066" tests="1" errors="0" skipped="0" failures="0">
  <properties>
    <property name="sun.desktop" value="windows"/>
    <property name="awt.toolkit" value="sun.awt.windows.WToolkit"/>
    <property name="java.specification.version" value="9"/>
    <property name="file.encoding.pkg" value="sun.io"/>
    <property name="sun.cpu.isalist" value="amd64"/>
    <property name="sun.jnu.encoding" value="Cp1252"/>
    <property name="java.class.path" value="C:\my-files\uni-work\phd\development\csp-model\DeliveryModel\target\test-classes;C:\my-files\uni-work\phd\development\csp-model\DeliveryModel\target\classes;C:\Users\ALSHAER\.m2\repository\junit\junit\4.11\junit-4.11.jar;C:\Users\ALSHAER\.m2\repository\org\hamcrest\hamcrest-core\1.3\hamcrest-core-1.3.jar;C:\Users\ALSHAER\.m2\repository\com\graphhopper\jsprit-core\1.7.2\jsprit-core-1.7.2.jar;C:\Users\ALSHAER\.m2\repository\org\apache\commons\commons-math3\3.4\commons-math3-3.4.jar;C:\Users\ALSHAER\.m2\repository\org\slf4j\slf4j-api\1.7.21\slf4j-api-1.7.21.jar;C:\Users\ALSHAER\.m2\repository\com\graphhopper\jsprit-analysis\1.7.2\jsprit-analysis-1.7.2.jar;C:\Users\ALSHAER\.m2\repository\org\jfree\jfreechart\1.0.19\jfreechart-1.0.19.jar;C:\Users\ALSHAER\.m2\repository\org\jfree\jcommon\1.0.23\jcommon-1.0.23.jar;C:\Users\ALSHAER\.m2\repository\org\graphstream\gs-core\1.3\gs-core-1.3.jar;C:\Users\ALSHAER\.m2\repository\org\graphstream\pherd\1.0\pherd-1.0.jar;C:\Users\ALSHAER\.m2\repository\org\graphstream\mbox2\1.0\mbox2-1.0.jar;C:\Users\ALSHAER\.m2\repository\org\graphstream\gs-ui\1.3\gs-ui-1.3.jar;C:\Users\ALSHAER\.m2\repository\org\graphstream\gs-algo\1.3\gs-algo-1.3.jar;C:\Users\ALSHAER\.m2\repository\org\apache\commons\commons-math\2.1\commons-math-2.1.jar;C:\Users\ALSHAER\.m2\repository\org\scala-lang\scala-library\2.10.1\scala-library-2.10.1.jar;C:\Users\ALSHAER\.m2\repository\com\graphhopper\jsprit-io\1.7.2\jsprit-io-1.7.2.jar;C:\Users\ALSHAER\.m2\repository\commons-configuration\commons-configuration\1.9\commons-configuration-1.9.jar;C:\Users\ALSHAER\.m2\repository\commons-lang\commons-lang\2.6\commons-lang-2.6.jar;C:\Users\ALSHAER\.m2\repository\commons-logging\commons-logging\1.1.1\commons-logging-1.1.1.jar;C:\Users\ALSHAER\.m2\repository\xerces\xercesImpl\2.11.0\xercesImpl-2.11.0.jar;C:\Users\ALSHAER\.m2\repository\xml-apis\xml-apis\1.4.01\xml-apis-1.4.01.jar;C:\Users\ALSHAER\.m2\repository\com\google\maps\google-maps-services\0.2.7\google-maps-services-0.2.7.jar;C:\Users\ALSHAER\.m2\repository\com\google\code\gson\gson\2.8.1\gson-2.8.1.jar;C:\Users\ALSHAER\.m2\repository\com\squareup\okhttp3\okhttp\3.8.1\okhttp-3.8.1.jar;C:\Users\ALSHAER\.m2\repository\com\squareup\okio\okio\1.13.0\okio-1.13.0.jar;C:\Users\ALSHAER\.m2\repository\joda-time\joda-time\2.9.9\joda-time-2.9.9.jar;C:\Users\ALSHAER\.m2\repository\org\slf4j\slf4j-nop\1.7.25\slf4j-nop-1.7.25.jar;C:\Users\ALSHAER\.m2\repository\org\json\json\20180130\json-20180130.jar;"/>
    <property name="java.vm.vendor" value="Oracle Corporation"/>
    <property name="sun.arch.data.model" value="64"/>
    <property name="user.variant" value=""/>
    <property name="java.vendor.url" value="http://java.oracle.com/"/>
    <property name="user.timezone" value=""/>
    <property name="descriptorId" value="jar-with-dependencies"/>
    <property name="java.vm.specification.version" value="9"/>
    <property name="os.name" value="Windows 10"/>
    <property name="sun.java.launcher" value="SUN_STANDARD"/>
    <property name="user.country" value="US"/>
    <property name="sun.boot.library.path" value="C:\Program Files\Java\jdk-9.0.4\bin"/>
    <property name="sun.java.command" value="C:\Users\ALSHAER\AppData\Local\Temp\surefire3231391408597950232\surefirebooter912372410214585865.jar C:\Users\ALSHAER\AppData\Local\Temp\surefire3231391408597950232 2018-10-03T02-36-47_422-jvmRun1 surefire8803600267779943249tmp surefire_03041737413670935601tmp"/>
    <property name="jdk.debug" value="release"/>
    <property name="surefire.test.class.path" value="C:\my-files\uni-work\phd\development\csp-model\DeliveryModel\target\test-classes;C:\my-files\uni-work\phd\development\csp-model\DeliveryModel\target\classes;C:\Users\ALSHAER\.m2\repository\junit\junit\4.11\junit-4.11.jar;C:\Users\ALSHAER\.m2\repository\org\hamcrest\hamcrest-core\1.3\hamcrest-core-1.3.jar;C:\Users\ALSHAER\.m2\repository\com\graphhopper\jsprit-core\1.7.2\jsprit-core-1.7.2.jar;C:\Users\ALSHAER\.m2\repository\org\apache\commons\commons-math3\3.4\commons-math3-3.4.jar;C:\Users\ALSHAER\.m2\repository\org\slf4j\slf4j-api\1.7.21\slf4j-api-1.7.21.jar;C:\Users\ALSHAER\.m2\repository\com\graphhopper\jsprit-analysis\1.7.2\jsprit-analysis-1.7.2.jar;C:\Users\ALSHAER\.m2\repository\org\jfree\jfreechart\1.0.19\jfreechart-1.0.19.jar;C:\Users\ALSHAER\.m2\repository\org\jfree\jcommon\1.0.23\jcommon-1.0.23.jar;C:\Users\ALSHAER\.m2\repository\org\graphstream\gs-core\1.3\gs-core-1.3.jar;C:\Users\ALSHAER\.m2\repository\org\graphstream\pherd\1.0\pherd-1.0.jar;C:\Users\ALSHAER\.m2\repository\org\graphstream\mbox2\1.0\mbox2-1.0.jar;C:\Users\ALSHAER\.m2\repository\org\graphstream\gs-ui\1.3\gs-ui-1.3.jar;C:\Users\ALSHAER\.m2\repository\org\graphstream\gs-algo\1.3\gs-algo-1.3.jar;C:\Users\ALSHAER\.m2\repository\org\apache\commons\commons-math\2.1\commons-math-2.1.jar;C:\Users\ALSHAER\.m2\repository\org\scala-lang\scala-library\2.10.1\scala-library-2.10.1.jar;C:\Users\ALSHAER\.m2\repository\com\graphhopper\jsprit-io\1.7.2\jsprit-io-1.7.2.jar;C:\Users\ALSHAER\.m2\repository\commons-configuration\commons-configuration\1.9\commons-configuration-1.9.jar;C:\Users\ALSHAER\.m2\repository\commons-lang\commons-lang\2.6\commons-lang-2.6.jar;C:\Users\ALSHAER\.m2\repository\commons-logging\commons-logging\1.1.1\commons-logging-1.1.1.jar;C:\Users\ALSHAER\.m2\repository\xerces\xercesImpl\2.11.0\xercesImpl-2.11.0.jar;C:\Users\ALSHAER\.m2\repository\xml-apis\xml-apis\1.4.01\xml-apis-1.4.01.jar;C:\Users\ALSHAER\.m2\repository\com\google\maps\google-maps-services\0.2.7\google-maps-services-0.2.7.jar;C:\Users\ALSHAER\.m2\repository\com\google\code\gson\gson\2.8.1\gson-2.8.1.jar;C:\Users\ALSHAER\.m2\repository\com\squareup\okhttp3\okhttp\3.8.1\okhttp-3.8.1.jar;C:\Users\ALSHAER\.m2\repository\com\squareup\okio\okio\1.13.0\okio-1.13.0.jar;C:\Users\ALSHAER\.m2\repository\joda-time\joda-time\2.9.9\joda-time-2.9.9.jar;C:\Users\ALSHAER\.m2\repository\org\slf4j\slf4j-nop\1.7.25\slf4j-nop-1.7.25.jar;C:\Users\ALSHAER\.m2\repository\org\json\json\20180130\json-20180130.jar;"/>
    <property name="sun.cpu.endian" value="little"/>
    <property name="user.home" value="C:\Users\ALSHAER"/>
    <property name="user.language" value="en"/>
    <property name="java.specification.vendor" value="Oracle Corporation"/>
    <property name="java.home" value="C:\Program Files\Java\jdk-9.0.4"/>
    <property name="file.separator" value="\"/>
    <property name="basedir" value="C:\my-files\uni-work\phd\development\csp-model\DeliveryModel"/>
    <property name="java.vm.compressedOopsMode" value="Zero based"/>
    <property name="line.separator" value="&#10;"/>
    <property name="java.vm.specification.vendor" value="Oracle Corporation"/>
    <property name="java.specification.name" value="Java Platform API Specification"/>
    <property name="java.awt.graphicsenv" value="sun.awt.Win32GraphicsEnvironment"/>
    <property name="surefire.real.class.path" value="C:\Users\ALSHAER\AppData\Local\Temp\surefire3231391408597950232\surefirebooter912372410214585865.jar"/>
    <property name="user.script" value=""/>
    <property name="sun.management.compiler" value="HotSpot 64-Bit Tiered Compilers"/>
    <property name="java.runtime.version" value="9.0.4+11"/>
    <property name="user.name" value="ALSHAER"/>
    <property name="path.separator" value=";"/>
    <property name="os.version" value="10.0"/>
    <property name="java.runtime.name" value="Java(TM) SE Runtime Environment"/>
    <property name="file.encoding" value="Cp1252"/>
    <property name="java.vm.name" value="Java HotSpot(TM) 64-Bit Server VM"/>
    <property name="localRepository" value="C:\Users\ALSHAER\.m2\repository"/>
    <property name="java.vendor.url.bug" value="http://bugreport.java.com/bugreport/"/>
    <property name="java.io.tmpdir" value="C:\Users\ALSHAER\AppData\Local\Temp\"/>
    <property name="idea.version" value="2017.3.5"/>
    <property name="java.version" value="9.0.4"/>
    <property name="user.dir" value="C:\my-files\uni-work\phd\development\csp-model\DeliveryModel"/>
    <property name="os.arch" value="amd64"/>
    <property name="java.vm.specification.name" value="Java Virtual Machine Specification"/>
    <property name="java.awt.printerjob" value="sun.awt.windows.WPrinterJob"/>
    <property name="sun.os.patch.level" value=""/>
    <property name="java.library.path" value="C:\Program Files\Java\jdk-9.0.4\bin;C:\WINDOWS\Sun\Java\bin;C:\WINDOWS\system32;C:\WINDOWS;C:\Program Files (x86)\Intel\Intel(R) Management Engine Components\iCLS\;C:\Program Files\Intel\Intel(R) Management Engine Components\iCLS\;C:\Program Files (x86)\Common Files\Oracle\Java\javapath;C:\ProgramData\Oracle\Java\javapath;C:\Windows\system32;C:\Windows;C:\Windows\System32\Wbem;C:\Windows\System32\WindowsPowerShell\v1.0\;C:\Program Files\Java\jdk-9.0.4\bin;C:\Program Files\Git\cmd;C:\Users\ALSHAER\AppData\Local\Microsoft\WindowsApps;C:\adb;C:\Program Files\Apache\maven\bin;C:\Program Files (x86)\Intel\Intel(R) Management Engine Components\DAL;C:\Program Files\Intel\Intel(R) Management Engine Components\DAL;C:\Program Files (x86)\Intel\Intel(R) Management Engine Components\IPT;C:\Program Files\Intel\Intel(R) Management Engine Components\IPT;C:\Program Files\PuTTY\;C:\WINDOWS\system32;C:\WINDOWS;C:\WINDOWS\System32\Wbem;C:\WINDOWS\System32\WindowsPowerShell\v1.0\;C:\WINDOWS\System32\OpenSSH\;C:\Program Files\Intel\WiFi\bin\;C:\Program Files\Common Files\Intel\WirelessCommon\;C:\Users\ALSHAER\AppData\Local\Microsoft\WindowsApps;;."/>
    <property name="java.vm.info" value="mixed mode"/>
    <property name="java.vendor" value="Oracle Corporation"/>
    <property name="java.vm.version" value="9.0.4+11"/>
    <property name="sun.io.unicode.encoding" value="UnicodeLittle"/>
    <property name="java.class.version" value="53.0"/>
  </properties>
  <testcase name="shouldAnswerWithTrue" classname="com.msh.app.AppTest" time="0.002"/>
</testsuite>